c:\users\vidinho\documents\aeda\aeda---airports\aeda_airports\debug\vc142.pdb
c:\users\vidinho\documents\aeda\aeda---airports\aeda_airports\debug\vc142.idb
c:\users\vidinho\documents\aeda\aeda---airports\aeda_airports\debug\utils.obj
c:\users\vidinho\documents\aeda\aeda---airports\aeda_airports\debug\time.obj
c:\users\vidinho\documents\aeda\aeda---airports\aeda_airports\debug\schedule.obj
c:\users\vidinho\documents\aeda\aeda---airports\aeda_airports\debug\plane.obj
c:\users\vidinho\documents\aeda\aeda---airports\aeda_airports\debug\main.obj
c:\users\vidinho\documents\aeda\aeda---airports\aeda_airports\debug\flight.obj
c:\users\vidinho\documents\aeda\aeda---airports\aeda_airports\debug\employee.obj
c:\users\vidinho\documents\aeda\aeda---airports\aeda_airports\debug\date.obj
c:\users\vidinho\documents\aeda\aeda---airports\aeda_airports\debug\airport.obj
c:\users\vidinho\documents\aeda\aeda---airports\debug\aeda_airports.exe
c:\users\vidinho\documents\aeda\aeda---airports\debug\aeda_airports.ilk
c:\users\vidinho\documents\aeda\aeda---airports\debug\aeda_airports.pdb
c:\users\vidinho\documents\aeda\aeda---airports\aeda_airports\debug\aeda_airports.tlog\cl.command.1.tlog
c:\users\vidinho\documents\aeda\aeda---airports\aeda_airports\debug\aeda_airports.tlog\cl.read.1.tlog
c:\users\vidinho\documents\aeda\aeda---airports\aeda_airports\debug\aeda_airports.tlog\cl.write.1.tlog
c:\users\vidinho\documents\aeda\aeda---airports\aeda_airports\debug\aeda_airports.tlog\link.command.1.tlog
c:\users\vidinho\documents\aeda\aeda---airports\aeda_airports\debug\aeda_airports.tlog\link.read.1.tlog
c:\users\vidinho\documents\aeda\aeda---airports\aeda_airports\debug\aeda_airports.tlog\link.write.1.tlog
