  Airport.cpp
  Company.cpp
  Employee.cpp
c:\users\vidin\onedrive\documentos\2ano\1s\aeda\aeda_airports\aeda_airports\airport.h(26): error C2065: 'Plane': undeclared identifier
c:\users\vidin\onedrive\documentos\2ano\1s\aeda\aeda_airports\aeda_airports\airport.h(26): error C2059: syntax error: '>'
c:\users\vidin\onedrive\documentos\2ano\1s\aeda\aeda_airports\aeda_airports\airport.h(27): error C2065: 'Flight': undeclared identifier
c:\users\vidin\onedrive\documentos\2ano\1s\aeda\aeda_airports\aeda_airports\airport.h(27): error C2059: syntax error: '>'
c:\users\vidin\onedrive\documentos\2ano\1s\aeda\aeda_airports\aeda_airports\airport.h(28): error C2065: 'Employee': undeclared identifier
c:\users\vidin\onedrive\documentos\2ano\1s\aeda\aeda_airports\aeda_airports\airport.h(28): error C2059: syntax error: '>'
c:\users\vidin\onedrive\documentos\2ano\1s\aeda\aeda_airports\aeda_airports\airport.h(31): error C2065: 'Plane': undeclared identifier
c:\users\vidin\onedrive\documentos\2ano\1s\aeda\aeda_airports\aeda_airports\airport.h(31): error C2059: syntax error: '>'
c:\users\vidin\onedrive\documentos\2ano\1s\aeda\aeda_airports\aeda_airports\airport.h(31): error C2065: 'Flight': undeclared identifier
c:\users\vidin\onedrive\documentos\2ano\1s\aeda\aeda_airports\aeda_airports\airport.h(31): error C2065: 'Employee': undeclared identifier
  Flight.cpp
  main.cpp
  Menus.cpp
c:\users\vidin\onedrive\documentos\2ano\1s\aeda\aeda_airports\aeda_airports\menus.cpp(36): error C3861: 'showPersonData': identifier not found
c:\users\vidin\onedrive\documentos\2ano\1s\aeda\aeda_airports\aeda_airports\menus.cpp(39): error C3861: 'showFlightData': identifier not found
c:\users\vidin\onedrive\documentos\2ano\1s\aeda\aeda_airports\aeda_airports\menus.cpp(42): error C3861: 'showPlaneData': identifier not found
c:\users\vidin\onedrive\documentos\2ano\1s\aeda\aeda_airports\aeda_airports\menus.cpp(45): error C3861: 'showAirpotData': identifier not found
c:\users\vidin\onedrive\documentos\2ano\1s\aeda\aeda_airports\aeda_airports\menus.cpp(77): error C3861: 'createPersonData': identifier not found
c:\users\vidin\onedrive\documentos\2ano\1s\aeda\aeda_airports\aeda_airports\menus.cpp(80): error C3861: 'createFlightsData': identifier not found
c:\users\vidin\onedrive\documentos\2ano\1s\aeda\aeda_airports\aeda_airports\menus.cpp(83): error C3861: 'createPlaneData': identifier not found
c:\users\vidin\onedrive\documentos\2ano\1s\aeda\aeda_airports\aeda_airports\menus.cpp(86): error C3861: 'createAirportData': identifier not found
c:\users\vidin\onedrive\documentos\2ano\1s\aeda\aeda_airports\aeda_airports\menus.cpp(114): error C3861: 'changeClientsData': identifier not found
c:\users\vidin\onedrive\documentos\2ano\1s\aeda\aeda_airports\aeda_airports\menus.cpp(117): error C3861: 'changeFlightData': identifier not found
c:\users\vidin\onedrive\documentos\2ano\1s\aeda\aeda_airports\aeda_airports\menus.cpp(120): error C3861: 'changeFlightData': identifier not found
c:\users\vidin\onedrive\documentos\2ano\1s\aeda\aeda_airports\aeda_airports\menus.cpp(123): error C3861: 'changeAirportData': identifier not found
c:\users\vidin\onedrive\documentos\2ano\1s\aeda\aeda_airports\aeda_airports\menus.cpp(152): error C3861: 'deleteClientData': identifier not found
c:\users\vidin\onedrive\documentos\2ano\1s\aeda\aeda_airports\aeda_airports\menus.cpp(155): error C3861: 'deleteFlightData': identifier not found
c:\users\vidin\onedrive\documentos\2ano\1s\aeda\aeda_airports\aeda_airports\menus.cpp(158): error C3861: 'deletePlaneData': identifier not found
c:\users\vidin\onedrive\documentos\2ano\1s\aeda\aeda_airports\aeda_airports\menus.cpp(161): error C3861: 'deleteAirportData': identifier not found
c:\users\vidin\onedrive\documentos\2ano\1s\aeda\aeda_airports\aeda_airports\menus.cpp(188): error C3861: 'savePersonData': identifier not found
c:\users\vidin\onedrive\documentos\2ano\1s\aeda\aeda_airports\aeda_airports\menus.cpp(189): error C3861: 'saveFlightData': identifier not found
c:\users\vidin\onedrive\documentos\2ano\1s\aeda\aeda_airports\aeda_airports\menus.cpp(190): error C3861: 'savePlaneData': identifier not found
c:\users\vidin\onedrive\documentos\2ano\1s\aeda\aeda_airports\aeda_airports\menus.cpp(191): error C3861: 'saveAirportData': identifier not found
  Plane.cpp
  ReadFiles.cpp
c:\users\vidin\onedrive\documentos\2ano\1s\aeda\aeda_airports\aeda_airports\readfiles.h(8): error C4430: missing type specifier - int assumed. Note: C++ does not support default-int
c:\users\vidin\onedrive\documentos\2ano\1s\aeda\aeda_airports\aeda_airports\readfiles.h(8): error C2146: syntax error: missing ';' before identifier 'readAirports'
c:\users\vidin\onedrive\documentos\2ano\1s\aeda\aeda_airports\aeda_airports\readfiles.cpp(6): error C4430: missing type specifier - int assumed. Note: C++ does not support default-int
c:\users\vidin\onedrive\documentos\2ano\1s\aeda\aeda_airports\aeda_airports\readfiles.cpp(6): error C2086: 'int Company': redefinition
  c:\users\vidin\onedrive\documentos\2ano\1s\aeda\aeda_airports\aeda_airports\readfiles.h(8): note: see declaration of 'Company'
c:\users\vidin\onedrive\documentos\2ano\1s\aeda\aeda_airports\aeda_airports\readfiles.cpp(6): error C2146: syntax error: missing ';' before identifier 'readAirports'
c:\users\vidin\onedrive\documentos\2ano\1s\aeda\aeda_airports\aeda_airports\readfiles.cpp(7): error C2143: syntax error: missing ';' before '{'
c:\users\vidin\onedrive\documentos\2ano\1s\aeda\aeda_airports\aeda_airports\readfiles.cpp(7): error C2447: '{': missing function header (old-style formal list?)
  ShowFunctions.cpp
  Generating Code...
